2023-08-18 14:25:51,590 - INFO - Generating QR code...
2023-08-18 14:25:51,590 - ERROR - An error occurred: name 'create_Card' is not defined
2023-08-18 14:27:50,360 - INFO - Generating QR code...
2023-08-18 14:27:50,360 - ERROR - An error occurred: [Errno 2] No such file or directory: 'path_to_image.jpg'
2023-08-18 14:30:44,081 - INFO - Generating QR code...
2023-08-18 14:30:44,081 - ERROR - An error occurred: [Errno 2] No such file or directory: 'path_to_image.jpg'
2023-08-18 14:31:47,729 - INFO - Generating QR code...
2023-08-18 14:31:47,730 - ERROR - An error occurred: [Errno 2] No such file or directory: 'path_to_image.jpg'
2023-08-18 14:36:34,841 - INFO - Generating QR code...
2023-08-18 14:36:37,336 - ERROR - An error occurred: name 'VCard' is not defined
2023-08-18 14:42:08,951 - INFO - Starting the QR code generation process...
2023-08-18 14:42:08,951 - INFO - Prompting user for contact information...
2023-08-18 14:42:11,066 - INFO - User provided contact information: Name: f, Phone: f, Email: f
2023-08-18 14:42:11,066 - INFO - Generating vCard...
2023-08-18 14:42:11,066 - WARNING - No logo found at path_to_image.jpg. Asking user for action...
2023-08-18 14:42:12,863 - INFO - User chose to continue with default colors.
2023-08-18 14:42:12,864 - INFO - Generating QR code with fill color: black, back color: white
2023-08-18 14:42:12,882 - INFO - QR code generated and saved successfully at contact_qr.png.
2023-08-18 14:43:18,060 - INFO - Starting the QR code generation process...
2023-08-18 14:43:18,060 - INFO - Prompting user for contact information...
2023-08-18 14:43:22,166 - INFO - User provided contact information: Name: f, Phone: f, Email: f
2023-08-18 14:43:22,166 - INFO - Generating vCard...
2023-08-18 14:43:22,166 - WARNING - No logo found at path_to_image.jpg. Asking user for action...
2023-08-18 14:43:23,866 - INFO - User chose to continue with default colors.
2023-08-18 14:43:23,866 - INFO - Generating QR code with fill color: black, back color: white
2023-08-18 14:43:23,884 - INFO - QR code generated and saved successfully at contact_qr.png.
2023-08-18 14:45:40,508 - INFO - Starting the QR code generation process...
2023-08-18 14:45:40,508 - INFO - Prompting user for contact information...
2023-08-18 14:45:42,297 - INFO - User provided contact information: Name: f, Phone: f, Email: f
2023-08-18 14:45:42,297 - INFO - Generating vCard...
2023-08-18 14:45:42,297 - WARNING - No logo found at path_to_image.jpg. Asking user for action...
2023-08-18 14:45:44,232 - ERROR - User chose not to proceed without logo.
2023-08-18 14:45:44,232 - ERROR - An error occurred: Logo file not found, and user chose not to proceed with defaults.
2023-08-18 14:45:49,739 - INFO - Starting the QR code generation process...
2023-08-18 14:45:49,739 - INFO - Prompting user for contact information...
2023-08-18 14:45:53,607 - INFO - User provided contact information: Name: f, Phone: f, Email: f
2023-08-18 14:45:53,607 - INFO - Generating vCard...
2023-08-18 14:45:53,608 - WARNING - No logo found at path_to_image.jpg. Asking user for action...
2023-08-18 14:45:55,156 - ERROR - User chose not to proceed without logo.
2023-08-18 14:45:55,157 - ERROR - An error occurred: Logo file not found, and user chose not to proceed with defaults.
2023-08-18 14:45:57,436 - INFO - Starting the QR code generation process...
2023-08-18 14:45:57,436 - INFO - Prompting user for contact information...
2023-08-18 14:46:00,196 - INFO - User provided contact information: Name: f, Phone: f, Email: f
2023-08-18 14:46:00,197 - INFO - Generating vCard...
2023-08-18 14:46:00,197 - WARNING - No logo found at path_to_image.jpg. Asking user for action...
2023-08-18 14:46:02,967 - INFO - User chose to continue with default colors.
2023-08-18 14:46:02,967 - INFO - Generating QR code with fill color: black, back color: white
2023-08-18 14:46:02,986 - INFO - QR code generated and saved successfully at contact_qr.png.
2023-08-24 16:34:23,243 - INFO - Starting the QR code generation process...
2023-08-24 16:34:23,243 - INFO - Prompting user for contact information...
2023-08-24 16:34:27,149 - INFO - User provided contact information: Name: G, Phone: f, Email: f
2023-08-24 16:34:27,149 - INFO - Generating vCard...
2023-08-24 16:34:27,149 - WARNING - No logo found at path_to_image.jpg. Asking user for action...
2023-08-24 16:34:28,853 - INFO - User chose to continue with default colors.
2023-08-24 16:34:28,853 - INFO - Generating QR code with fill color: black, back color: white
2023-08-24 16:34:28,883 - INFO - QR code generated and saved successfully at contact_qr.png.
2023-08-24 16:36:50,915 - INFO - Starting the QR code generation process...
2023-08-24 16:36:50,915 - INFO - Prompting user for contact information...
2023-08-24 16:37:53,060 - INFO - User provided contact information: Name: Glenice Gallagher, Phone: 18572594331, Email: Glenice.Gallagher@cerevel.com
2023-08-24 16:37:53,061 - INFO - Generating vCard...
2023-08-24 16:37:53,061 - ERROR - An error occurred: name 'company' is not defined
2023-08-24 16:38:19,226 - INFO - Starting the QR code generation process...
2023-08-24 16:38:19,226 - INFO - Prompting user for contact information...
2023-08-24 16:38:36,426 - INFO - Starting the QR code generation process...
2023-08-24 16:38:36,426 - INFO - Prompting user for contact information...
2023-08-24 16:39:22,370 - INFO - User provided contact information: Name: Glenice Gallagher, Phone: 18572594331, Email: Glenice.Gallagher@cerevel.com
2023-08-24 16:39:22,370 - INFO - Generating vCard...
2023-08-24 16:39:22,371 - WARNING - No logo found at path_to_image.jpg. Asking user for action...
2023-08-24 16:39:24,795 - INFO - User chose to continue with default colors.
2023-08-24 16:39:24,795 - INFO - Generating QR code with fill color: black, back color: white
2023-08-24 16:39:24,824 - INFO - QR code generated and saved successfully at contact_qr.png.
2023-08-24 16:41:58,133 - INFO - Starting the QR code generation process...
2023-08-24 16:41:58,133 - INFO - Prompting user for contact information...
2023-08-24 16:42:21,284 - INFO - User provided contact information: Name: Glenice Gallagher, Phone: 18572594331, Email: Glenice.Gallagher@cerevel.com
2023-08-24 16:42:21,284 - INFO - Generating vCard...
2023-08-24 16:42:21,285 - WARNING - No logo found at path_to_image.jpg. Asking user for action...
2023-08-24 16:42:23,451 - INFO - User chose to continue with default colors.
2023-08-24 16:42:23,452 - INFO - Generating QR code with fill color: black, back color: white
2023-08-24 16:42:23,482 - INFO - QR code generated and saved successfully at contact_qr.png.
2023-08-25 14:05:28,084 - INFO - Starting the QR code generation process...
2023-08-25 14:05:28,084 - INFO - Prompting user for contact information...
2023-08-25 14:05:31,891 - INFO - User provided contact information: Name: f, Phone: f, Email: f
2023-08-25 14:05:31,892 - INFO - Generating vCard...
2023-08-25 14:05:31,892 - WARNING - No logo found at path_to_image.jpg. Asking user for action...
2023-08-25 14:05:33,882 - INFO - User chose to continue with default colors.
2023-08-25 14:05:33,883 - INFO - Generating QR code with fill color: black, back color: white
2023-08-25 14:05:33,941 - INFO - QR code generated and saved successfully at contact_qr.png.
2023-08-25 14:05:56,590 - INFO - Starting the QR code generation process...
2023-08-25 14:05:56,591 - INFO - Prompting user for contact information...
2023-08-25 14:07:42,726 - INFO - User provided contact information: Name: Glenice Gallagher, Phone: 18572594331, Email: Glenice.Gallagher@cerevel.com
2023-08-25 14:07:42,726 - INFO - Generating vCard...
2023-08-25 14:07:42,726 - WARNING - No logo found at path_to_image.jpg. Asking user for action...
2023-08-25 14:07:45,042 - INFO - User chose to continue with default colors.
2023-08-25 14:07:45,042 - INFO - Generating QR code with fill color: black, back color: white
2023-08-25 14:07:45,075 - INFO - QR code generated and saved successfully at contact_qr.png.
2023-08-25 14:08:24,258 - INFO - Starting the QR code generation process...
2023-08-25 14:08:24,258 - INFO - Prompting user for contact information...
2023-08-25 14:08:38,650 - INFO - User provided contact information: Name: Glenice Gallagher, Phone: , Email: 18572594331
2023-08-25 14:08:38,650 - INFO - Generating vCard...
2023-08-25 14:08:38,650 - WARNING - No logo found at path_to_image.jpg. Asking user for action...
2023-08-25 14:08:40,145 - ERROR - User chose not to proceed without logo.
2023-08-25 14:08:40,145 - ERROR - An error occurred: Logo file not found, and user chose not to proceed with defaults.
2023-08-25 14:08:44,262 - INFO - Starting the QR code generation process...
2023-08-25 14:08:44,262 - INFO - Prompting user for contact information...
2023-08-25 14:08:51,070 - INFO - User provided contact information: Name: [A[A18572594331, Phone: 18572594331, Email: 18572594331
2023-08-25 14:08:51,070 - INFO - Generating vCard...
2023-08-25 14:08:51,070 - WARNING - No logo found at path_to_image.jpg. Asking user for action...
2023-08-25 14:08:51,860 - ERROR - User chose not to proceed without logo.
2023-08-25 14:08:51,860 - ERROR - An error occurred: Logo file not found, and user chose not to proceed with defaults.
2023-08-25 14:09:03,898 - INFO - Starting the QR code generation process...
2023-08-25 14:09:03,898 - INFO - Prompting user for contact information...
2023-08-25 14:09:31,594 - INFO - User provided contact information: Name: Glenice Gallagher, Phone: 18572594331, Email: Glenice.Gallagher@cerevel.com
2023-08-25 14:09:31,595 - INFO - Generating vCard...
2023-08-25 14:09:31,595 - WARNING - No logo found at path_to_image.jpg. Asking user for action...
2023-08-25 14:09:33,985 - INFO - User chose to continue with default colors.
2023-08-25 14:09:33,985 - INFO - Generating QR code with fill color: black, back color: white
2023-08-25 14:09:34,039 - INFO - QR code generated and saved successfully at contact_qr.png.
2023-08-25 14:10:04,999 - INFO - Starting the QR code generation process...
2023-08-25 14:10:04,999 - INFO - Prompting user for contact information...
2023-08-25 14:10:22,041 - INFO - User provided contact information: Name: Glenice, Phone: , Email: 18572594331
2023-08-25 14:10:22,041 - INFO - Generating vCard...
2023-08-25 14:10:22,042 - WARNING - No logo found at path_to_image.jpg. Asking user for action...
2023-08-25 14:10:25,261 - INFO - User chose to continue with default colors.
2023-08-25 14:10:25,261 - INFO - Generating QR code with fill color: black, back color: white
2023-08-25 14:10:25,289 - INFO - QR code generated and saved successfully at contact_qr.png.
2023-08-25 14:11:42,057 - INFO - Starting the QR code generation process...
2023-08-25 14:11:42,057 - INFO - Prompting user for contact information...
2023-08-25 14:11:46,606 - INFO - User provided contact information: Name: g, Phone: g, Email: g
2023-08-25 14:11:46,606 - INFO - Generating vCard...
2023-08-25 14:11:46,606 - WARNING - No logo found at path_to_image.jpg. Asking user for action...
2023-08-25 14:11:48,906 - ERROR - User chose not to proceed without logo.
2023-08-25 14:11:48,906 - ERROR - An error occurred: Logo file not found, and user chose not to proceed with defaults.
2023-08-25 14:17:36,576 - INFO - Starting the QR code generation process...
2023-08-25 14:17:36,576 - INFO - Prompting user for contact information...
2023-08-25 14:17:41,153 - INFO - User provided contact information: Name: g, Phone: g, Email: g
2023-08-25 14:17:41,153 - INFO - Generating vCard...
2023-08-25 14:17:41,153 - WARNING - No logo found at path_to_image.jpg. Asking user for action...
2023-08-25 14:17:43,327 - INFO - User chose to continue with default colors.
2023-08-25 14:17:43,327 - INFO - Generating QR code with fill color: black, back color: white
2023-08-25 14:17:43,350 - INFO - QR code generated and saved successfully at contact_qr.png.
2023-08-25 14:18:18,662 - INFO - Starting the QR code generation process...
2023-08-25 14:18:18,662 - INFO - Prompting user for contact information...
2023-08-25 14:19:20,622 - INFO - User provided contact information: Name: Glenice Gallagher, Phone: 18572594331, Email: Glenice.Gallagher@cerevel.com
2023-08-25 14:19:20,622 - INFO - Generating vCard...
2023-08-25 14:19:20,623 - WARNING - No logo found at path_to_image.jpg. Asking user for action...
2023-08-25 14:19:22,908 - INFO - User chose to continue with default colors.
2023-08-25 14:19:22,909 - INFO - Generating QR code with fill color: black, back color: white
2023-08-25 14:19:22,941 - INFO - QR code generated and saved successfully at contact_qr.png.
2023-08-25 14:37:17,439 - INFO - Starting the QR code generation process...
2023-08-25 14:37:17,439 - INFO - Prompting user for contact information...
2023-08-25 14:37:45,464 - INFO - User provided contact information: Name: Glenice Gallagher, Phone: 18572594331, Email: Glenice.Gallagher@cerevel.com
2023-08-25 14:37:45,465 - INFO - Generating vCard...
2023-08-25 14:37:45,465 - WARNING - No logo found at path_to_image.jpg. Asking user for action...
2023-08-25 14:37:47,388 - INFO - User chose to continue with default colors.
2023-08-25 14:37:47,388 - INFO - Generating QR code with fill color: black, back color: white
2023-08-25 14:37:47,423 - INFO - QR code generated and saved successfully at contact_qr.png.
